Performing C SOURCE FILE Test CMAKE_HAVE_LIBC_PTHREAD failed with the following output:
Change Dir: /home/csmajs/hyu146/lab6/lab-06---strategy-pattern-xshen053-hyu146-1/CMakeFiles/CMakeTmp

Run Build Command(s):/usr/bin/gmake cmTC_3514c/fast && /usr/bin/gmake  -f CMakeFiles/cmTC_3514c.dir/build.make CMakeFiles/cmTC_3514c.dir/build
gmake[1]: Entering directory `/home/csmajs/hyu146/lab6/lab-06---strategy-pattern-xshen053-hyu146-1/CMakeFiles/CMakeTmp'
Building C object CMakeFiles/cmTC_3514c.dir/src.c.o
/usr/bin/cc   -DCMAKE_HAVE_LIBC_PTHREAD   -o CMakeFiles/cmTC_3514c.dir/src.c.o   -c /home/csmajs/hyu146/lab6/lab-06---strategy-pattern-xshen053-hyu146-1/CMakeFiles/CMakeTmp/src.c
Linking C executable cmTC_3514c
/usr/bin/cmake3 -E cmake_link_script CMakeFiles/cmTC_3514c.dir/link.txt --verbose=1
/usr/bin/cc  -DCMAKE_HAVE_LIBC_PTHREAD    -rdynamic CMakeFiles/cmTC_3514c.dir/src.c.o  -o cmTC_3514c 
CMakeFiles/cmTC_3514c.dir/src.c.o: In function `main':
src.c:(.text+0x2d): undefined reference to `pthread_create'
src.c:(.text+0x39): undefined reference to `pthread_detach'
src.c:(.text+0x45): undefined reference to `pthread_cancel'
src.c:(.text+0x56): undefined reference to `pthread_join'
src.c:(.text+0x6a): undefined reference to `pthread_atfork'
collect2: error: ld returned 1 exit status
gmake[1]: *** [cmTC_3514c] Error 1
gmake[1]: Leaving directory `/home/csmajs/hyu146/lab6/lab-06---strategy-pattern-xshen053-hyu146-1/CMakeFiles/CMakeTmp'
gmake: *** [cmTC_3514c/fast] Error 2


Source file was:
#include <pthread.h>

void* test_func(void* data)
{
  return data;
}

int main(void)
{
  pthread_t thread;
  pthread_create(&thread, NULL, test_func, NULL);
  pthread_detach(thread);
  pthread_cancel(thread);
  pthread_join(thread, NULL);
  pthread_atfork(NULL, NULL, NULL);
  pthread_exit(NULL);

  return 0;
}

Determining if the function pthread_create exists in the pthreads failed with the following output:
Change Dir: /home/csmajs/hyu146/lab6/lab-06---strategy-pattern-xshen053-hyu146-1/CMakeFiles/CMakeTmp

Run Build Command(s):/usr/bin/gmake cmTC_e7b44/fast && /usr/bin/gmake  -f CMakeFiles/cmTC_e7b44.dir/build.make CMakeFiles/cmTC_e7b44.dir/build
gmake[1]: Entering directory `/home/csmajs/hyu146/lab6/lab-06---strategy-pattern-xshen053-hyu146-1/CMakeFiles/CMakeTmp'
Building C object CMakeFiles/cmTC_e7b44.dir/CheckFunctionExists.c.o
/usr/bin/cc   -DCHECK_FUNCTION_EXISTS=pthread_create   -o CMakeFiles/cmTC_e7b44.dir/CheckFunctionExists.c.o   -c /usr/share/cmake3/Modules/CheckFunctionExists.c
Linking C executable cmTC_e7b44
/usr/bin/cmake3 -E cmake_link_script CMakeFiles/cmTC_e7b44.dir/link.txt --verbose=1
/usr/bin/cc  -DCHECK_FUNCTION_EXISTS=pthread_create    -rdynamic CMakeFiles/cmTC_e7b44.dir/CheckFunctionExists.c.o  -o cmTC_e7b44  -lpthreads 
/usr/bin/ld: cannot find -lpthreads
collect2: error: ld returned 1 exit status
gmake[1]: *** [cmTC_e7b44] Error 1
gmake[1]: Leaving directory `/home/csmajs/hyu146/lab6/lab-06---strategy-pattern-xshen053-hyu146-1/CMakeFiles/CMakeTmp'
gmake: *** [cmTC_e7b44/fast] Error 2



